(ARCTools Version 2.1.2)
 HexLoc     DecLoc    MachWord   Label        Instruction                Comment
                                                                         
                                                                         
                                              .org 2048                  
                                                                         
                                              .equ 0x05000000            
                                              .equ 0x06000000            
                                              .equ 0x00044EF0            
                                                                         ! Micro de 50 MHz, entre todo el ciclo, se realizan 14 operaciones y 2 acceso a memoria (34 ciclos).
                                                                         ! 1 operación se hace en 1/50 * 10^6 segundos.
                                                                         ! Un ciclo del contador, en 34/50 * 10^6 segundos.
                                                                         ! Entonces, 8 min = 480 segundos equivalen a (480*50 / 34) * 10^6 ciclos = 282352 = 0x44EF0
                                                                         
00000800  0000002048  10800026                ba 38                      
                                                                         
00000804  0000002052  c201c000  LECTURA:      ld %r7, %r1                ! Guardo en %r1 lo que leo de la entrada.
00000808  0000002056  84886008                andcc %r1, 8, %r2          ! %r2 <- (%r1 AND 8), enmascaro el bit del botón RESET. Si da 1, es porque está apretado.
0000080c  0000002060  02800002                be 2                       ! Si no está apretado el RESET, sigo viendo los demás bits de la entrada.
00000810  0000002064  1080000c                ba 12                      ! Si está apretado, reseteo.
                                                                         
00000814  0000002068  84886001  COMPARO_N_MIN:  andcc %r1, 1, %r2          ! Enmascaro el bit del nivel mínimo. Si da 1, es porque el agua se encuentra por debajo del nivel mínimo.
00000818  0000002072  02800002                be 2                       ! Si el agua no está por debajo del nivel mínimo, analizo el estado del motor,
0000081c  0000002076  1080000b                ba 11                      ! sino, actúo de acuerdo a este evento.
                                                                         
00000820  0000002080  8888e004  ANALIZO_MOTOR:  andcc %r3, 4, %r4          ! Enmascaro el bit correspondiente al motor.
00000824  0000002084  02bffff8                be -8                      ! Si está apagado, vuelvo a comenzar, ya que no me interesa el estado de N_MAX
00000828  0000002088  10800001                ba 1                       ! Sino, analizo N_MAX
                                                                         
0000082c  0000002092  84886002  COMPARO_N_MAX:  andcc %r1, 2, %r2          ! Enmascaro el bit del nivel máximo. Si da 1, es porque se superó el nivel máximo.
00000830  0000002096  12800002                bne 2                      ! Se superó el nivel máximo, entonces apago el motor.
00000834  0000002100  10800009                ba 9                       ! Si no se superó, sabiendo que está prendido, analizo el contador.
                                                                         
00000838  0000002104  88a0e004  APAGO_SOLO_MOTOR:  subcc %r3, 4, %r4          ! Como sé que el motor está encendido, resto 1 en el bit correspondiente,
0000083c  0000002108  c8220000                st %r4, %r8                ! apagando el motor.
                                                                         
00000840  0000002112  c0220000  RESET:        st %r0, %r8                ! Apago el motor y todas las luces.
00000844  0000002116  10bffff0                ba -16                     ! Vuelvo a comenzar.
                                                                         
00000848  0000002120  84886004  N_MIN:        andcc %r1, 4, %r2          ! Enmascaro el bit de HAY_AGUA. Si da 1, es porque no se pasó el límite inferior del agua en el reservorio.
0000084c  0000002124  0280000a                be 10                      ! Si no hay agua, prendo la luz roja.
00000850  0000002128  10800001                ba 1                       ! Si hay agua, y se alcanzó el nivel mínimo, prendo el motor.
                                                                         
00000854  0000002132  8a094000  PRENDO_MOTOR:  and %r5, %r0, %r5          ! Inicializo el registro que voy a utilizar como contador.
00000858  0000002136  80a18005  CONTADOR:     subcc %r6, %r5, %r0        ! Comparo el estado del contador, con el número equivalente a 8 minutos.
0000085c  0000002140  02800009                be 9                       ! Si se cumplieron los 8 minutos, prendo la luz amarilla.
00000860  0000002144  c201c000                ld %r7, %r1                ! Sino, cargo la entrada,
00000864  0000002148  8a016001                add %r5, 1, %r5            ! incremento el contador,
00000868  0000002152  10bfffe7                ba -25                     ! y vuelvo a comenzar el ciclo.
                                                                         
0000086c  0000002156  c0220000  APAGO_MOTOR:  st %r0, %r8                ! Apago el motor.
00000870  0000002160  10bfffe5                ba -27                     
                                                                         
00000874  0000002164  86002002  PRENDO_LUZ_ROJA:  add %r0, 2, %r3            ! Prendo la luz roja.
00000878  0000002168  c6220000                st %r3, %r8                ! Y luego lo mando por la salida.
0000087c  0000002172  10bfffe2                ba -30                     
                                                                         
00000880  0000002176  86002001  PRENDO_LUZ_AMARILLA:  add %r0, 1, %r3            ! Prendo la luz amarilla (y apago el motor).
00000884  0000002180  c6220000                st %r3, %r8                ! Y luego lo mando por la salida.
00000888  0000002184  c201c000  ESPERO_RESET:  ld %r7, %r1                ! Cargo la entrada,
0000088c  0000002188  84886008                andcc %r1, 8, %r2          ! y enmascaro el bit de RESET.
00000890  0000002192  02bfffec                be -20                     ! Si se apretó, reseteo todo.
00000894  0000002196  10bffffd                ba -3                      ! Sino, espero. Ya que de esta situación sólo se sale al apretar RESET.
                                                                         
00000898  0000002200  82080001  INICIALIZACION:  and %r0, %r1, %r1          ! Inicializo en 0 el registro %r1.
0000089c  0000002204  84080002                and %r0, %r2, %r2          ! Inicializo en 0 el registro %r2.
000008a0  0000002208  86080003                and %r0, %r3, %r3          ! Inicializo en 0 el registro %r3.
000008a4  0000002212  88080004                and %r0, %r4, %r4          ! Inicializo en 0 el registro %r4.
000008a8  0000002216  8a080005                and %r0, %r5, %r5          ! Inicializo en 0 el registro %r5.
000008ac  0000002220                          save_32 282352, %r6        
000008ac  0000002220  0d000113                sethi 275, %r6             
000008b0  0000002224  8c11a2f0                or %r6, -12560, %r6        
000008b4  0000002228                          save_32 83886080, %r7      
000008b4  0000002228  0f014000                sethi 81920, %r7           
000008b8  0000002232  8e11e000                or %r7, -16777216, %r7     
000008bc  0000002236                          save_32 100663296, %r8     
000008bc  0000002236  11018000                sethi 98304, %r8           
000008c0  0000002240  90122000                or %r8, -33554432, %r8     
000008c4  0000002244  10bfffd0                ba -48                     
                                                                         

--- Symbol Table ---
COMPARO_N_MIN: 2068
PRENDO_LUZ_ROJA: 2164
PRENDO_MOTOR: 2132
APAGO_MOTOR: 2156
RESET: 2112
ENTRADA: 83886080
CONTADOR: 2136
8_MIN: 282352
N_MIN: 2120
COMPARO_N_MAX: 2092
SALIDA: 100663296
ANALIZO_MOTOR: 2080
ESPERO_RESET: 2184
PRENDO_LUZ_AMARILLA: 2176
LECTURA: 2052
INICIALIZACION: 2200
APAGO_SOLO_MOTOR: 2104
